Compiling the C compiler identification source file "CMakeCCompilerId.c" failed.
Compiler: /usr/local/eosio.cdt/bin/eosio-cc 
Build flags: ;-O3;
Id flags:  

The output was:
255
/usr/local/eosio.cdt/bin/wasm-ld: error: cannot open /tmp/CMakeCCompilerId.c.o: No such file or directory


Compiling the CXX compiler identification source file "CMakeCXXCompilerId.cpp" failed.
Compiler: /usr/local/eosio.cdt/bin/eosio-cpp 
Build flags: ;-O3;
Id flags:  

The output was:
255
/usr/local/eosio.cdt/bin/wasm-ld: error: duplicate symbol: main(int, char**)
>>> defined in /tmp/CMakeCXXCompilerId.cpp.o
>>> defined in /tmp/CMakeCXXCompilerId.cpp.o

/usr/local/eosio.cdt/bin/wasm-ld: error: duplicate symbol: info_platform
>>> defined in /tmp/CMakeCXXCompilerId.cpp.o
>>> defined in /tmp/CMakeCXXCompilerId.cpp.o

/usr/local/eosio.cdt/bin/wasm-ld: error: duplicate symbol: info_compiler
>>> defined in /tmp/CMakeCXXCompilerId.cpp.o
>>> defined in /tmp/CMakeCXXCompilerId.cpp.o

/usr/local/eosio.cdt/bin/wasm-ld: error: duplicate symbol: info_language_dialect_default
>>> defined in /tmp/CMakeCXXCompilerId.cpp.o
>>> defined in /tmp/CMakeCXXCompilerId.cpp.o

/usr/local/eosio.cdt/bin/wasm-ld: error: duplicate symbol: info_arch
>>> defined in /tmp/CMakeCXXCompilerId.cpp.o
>>> defined in /tmp/CMakeCXXCompilerId.cpp.o


Detecting C compiler ABI info failed to compile with the following output:
Change Dir: /wax/FunnyRangers/funnyrangers/build/funnyrangers/CMakeFiles/CMakeTmp

Run Build Command:"/usr/bin/make" "cmTC_4b18c/fast"
make[3]: Entering directory '/wax/FunnyRangers/funnyrangers/build/funnyrangers/CMakeFiles/CMakeTmp'
/usr/bin/make -f CMakeFiles/cmTC_4b18c.dir/build.make CMakeFiles/cmTC_4b18c.dir/build
make[4]: Entering directory '/wax/FunnyRangers/funnyrangers/build/funnyrangers/CMakeFiles/CMakeTmp'
Building C object CMakeFiles/cmTC_4b18c.dir/CMakeCCompilerABI.c.obj
/usr/local/eosio.cdt/bin/eosio-cc    -o CMakeFiles/cmTC_4b18c.dir/CMakeCCompilerABI.c.obj   -c /usr/share/cmake-3.10/Modules/CMakeCCompilerABI.c
Linking C executable cmTC_4b18c.wasm
/usr/bin/cmake -E cmake_link_script CMakeFiles/cmTC_4b18c.dir/link.txt --verbose=1
/usr/local/eosio.cdt/bin/eosio-ld  -v CMakeFiles/cmTC_4b18c.dir/CMakeCCompilerABI.c.obj -o cmTC_4b18c.wasm 
eosio-ld: Unknown command line argument '-v'.  Try: '/usr/local/eosio.cdt/bin/eosio-ld -help'
eosio-ld: Did you mean '-L'?
CMakeFiles/cmTC_4b18c.dir/build.make:97: recipe for target 'cmTC_4b18c.wasm' failed
make[4]: *** [cmTC_4b18c.wasm] Error 1
make[4]: Leaving directory '/wax/FunnyRangers/funnyrangers/build/funnyrangers/CMakeFiles/CMakeTmp'
Makefile:126: recipe for target 'cmTC_4b18c/fast' failed
make[3]: *** [cmTC_4b18c/fast] Error 2
make[3]: Leaving directory '/wax/FunnyRangers/funnyrangers/build/funnyrangers/CMakeFiles/CMakeTmp'



Detecting C [-std=c11] compiler features failed to compile with the following output:
Change Dir: /wax/FunnyRangers/funnyrangers/build/funnyrangers/CMakeFiles/CMakeTmp

Run Build Command:"/usr/bin/make" "cmTC_5152c/fast"
make[3]: Entering directory '/wax/FunnyRangers/funnyrangers/build/funnyrangers/CMakeFiles/CMakeTmp'
/usr/bin/make -f CMakeFiles/cmTC_5152c.dir/build.make CMakeFiles/cmTC_5152c.dir/build
make[4]: Entering directory '/wax/FunnyRangers/funnyrangers/build/funnyrangers/CMakeFiles/CMakeTmp'
Building C object CMakeFiles/cmTC_5152c.dir/feature_tests.c.obj
/usr/local/eosio.cdt/bin/eosio-cc   -std=c11 -o CMakeFiles/cmTC_5152c.dir/feature_tests.c.obj   -c /wax/FunnyRangers/funnyrangers/build/funnyrangers/CMakeFiles/feature_tests.c
eosio-cc: Unknown command line argument '-std=c11'.  Try: '/usr/local/eosio.cdt/bin/eosio-cc -help'
eosio-cc: Did you mean '-w=c11'?
CMakeFiles/cmTC_5152c.dir/build.make:65: recipe for target 'CMakeFiles/cmTC_5152c.dir/feature_tests.c.obj' failed
make[4]: *** [CMakeFiles/cmTC_5152c.dir/feature_tests.c.obj] Error 1
make[4]: Leaving directory '/wax/FunnyRangers/funnyrangers/build/funnyrangers/CMakeFiles/CMakeTmp'
Makefile:126: recipe for target 'cmTC_5152c/fast' failed
make[3]: *** [cmTC_5152c/fast] Error 2
make[3]: Leaving directory '/wax/FunnyRangers/funnyrangers/build/funnyrangers/CMakeFiles/CMakeTmp'



Detecting CXX compiler ABI info failed to compile with the following output:
Change Dir: /wax/FunnyRangers/funnyrangers/build/funnyrangers/CMakeFiles/CMakeTmp

Run Build Command:"/usr/bin/make" "cmTC_eeb1a/fast"
make[3]: Entering directory '/wax/FunnyRangers/funnyrangers/build/funnyrangers/CMakeFiles/CMakeTmp'
/usr/bin/make -f CMakeFiles/cmTC_eeb1a.dir/build.make CMakeFiles/cmTC_eeb1a.dir/build
make[4]: Entering directory '/wax/FunnyRangers/funnyrangers/build/funnyrangers/CMakeFiles/CMakeTmp'
Building CXX object CMakeFiles/cmTC_eeb1a.dir/CMakeCXXCompilerABI.cpp.obj
/usr/local/eosio.cdt/bin/eosio-cpp     -o CMakeFiles/cmTC_eeb1a.dir/CMakeCXXCompilerABI.cpp.obj -c /usr/share/cmake-3.10/Modules/CMakeCXXCompilerABI.cpp
Linking CXX executable cmTC_eeb1a.wasm
/usr/bin/cmake -E cmake_link_script CMakeFiles/cmTC_eeb1a.dir/link.txt --verbose=1
/usr/local/eosio.cdt/bin/eosio-ld  -v CMakeFiles/cmTC_eeb1a.dir/CMakeCXXCompilerABI.cpp.obj -o cmTC_eeb1a.wasm 
eosio-ld: Unknown command line argument '-v'.  Try: '/usr/local/eosio.cdt/bin/eosio-ld -help'
eosio-ld: Did you mean '-L'?
CMakeFiles/cmTC_eeb1a.dir/build.make:97: recipe for target 'cmTC_eeb1a.wasm' failed
make[4]: *** [cmTC_eeb1a.wasm] Error 1
make[4]: Leaving directory '/wax/FunnyRangers/funnyrangers/build/funnyrangers/CMakeFiles/CMakeTmp'
Makefile:126: recipe for target 'cmTC_eeb1a/fast' failed
make[3]: *** [cmTC_eeb1a/fast] Error 2
make[3]: Leaving directory '/wax/FunnyRangers/funnyrangers/build/funnyrangers/CMakeFiles/CMakeTmp'



Detecting CXX [-std=c++1z] compiler features failed to compile with the following output:
Change Dir: /wax/FunnyRangers/funnyrangers/build/funnyrangers/CMakeFiles/CMakeTmp

Run Build Command:"/usr/bin/make" "cmTC_3d061/fast"
make[3]: Entering directory '/wax/FunnyRangers/funnyrangers/build/funnyrangers/CMakeFiles/CMakeTmp'
/usr/bin/make -f CMakeFiles/cmTC_3d061.dir/build.make CMakeFiles/cmTC_3d061.dir/build
make[4]: Entering directory '/wax/FunnyRangers/funnyrangers/build/funnyrangers/CMakeFiles/CMakeTmp'
Building CXX object CMakeFiles/cmTC_3d061.dir/feature_tests.cxx.obj
/usr/local/eosio.cdt/bin/eosio-cpp    -std=c++1z -o CMakeFiles/cmTC_3d061.dir/feature_tests.cxx.obj -c /wax/FunnyRangers/funnyrangers/build/funnyrangers/CMakeFiles/feature_tests.cxx
Linking CXX executable cmTC_3d061.wasm
/usr/bin/cmake -E cmake_link_script CMakeFiles/cmTC_3d061.dir/link.txt --verbose=1
/usr/local/eosio.cdt/bin/eosio-ld   CMakeFiles/cmTC_3d061.dir/feature_tests.cxx.obj -o cmTC_3d061.wasm 
/usr/local/eosio.cdt/bin/wasm-ld: error: fatal failure: contract with no actions and trying to create dispatcher
CMakeFiles/cmTC_3d061.dir/build.make:97: recipe for target 'cmTC_3d061.wasm' failed
make[4]: *** [cmTC_3d061.wasm] Error 255
make[4]: Leaving directory '/wax/FunnyRangers/funnyrangers/build/funnyrangers/CMakeFiles/CMakeTmp'
Makefile:126: recipe for target 'cmTC_3d061/fast' failed
make[3]: *** [cmTC_3d061/fast] Error 2
make[3]: Leaving directory '/wax/FunnyRangers/funnyrangers/build/funnyrangers/CMakeFiles/CMakeTmp'



